# JRE version: Java(TM) SE Runtime Environment (20.0.1+9) (build 20.0.1+9-29)
# Java VM: Java HotSpot(TM) 64-Bit Server VM (20.0.1+9-29, mixed mode, sharing, tiered, compressed oops, compressed class ptrs, g1 gc, windows-amd64)
GC Precious Log:
 CardTable entry size: 512
 Card Set container configuration: InlinePtr #cards 5 size 8 Array Of Cards #cards 12 size 40 Howl #buckets 4 coarsen threshold 1843 Howl Bitmap #cards 512 size 80 coarsen threshold 460 Card regions per heap region 1 cards per card region 2048
 CPUs: 8 total, 8 available
 Memory: 7953M
 Large Page Support: Disabled
 NUMA Support: Disabled
 Compressed Oops: Enabled (32-bit)
 Heap Region Size: 1M
 Heap Min Capacity: 8M
 Heap Initial Capacity: 126M
 Heap Max Capacity: 2G
 Pre-touch: Disabled
 Parallel Workers: 8
 Concurrent Workers: 2
 Concurrent Refinement Workers: 8
 Periodic GC: Disabled
Heap:
 garbage-first heap   total 102400K, used 69017K [0x0000000080000000, 0x0000000100000000)
  region size 1024K, 11 young (11264K), 5 survivors (5120K)
 Metaspace       used 68056K, committed 69824K, reserved 487424K
  class space    used 9450K, committed 10304K, reserved 421888K
GC Heap History (20 events):
Event: 403.415 GC heap before
{Heap before GC invocations=17 (full 0):
 garbage-first heap   total 81920K, used 72521K [0x0000000080000000, 0x0000000100000000)
  region size 1024K, 30 young (30720K), 3 survivors (3072K)
 Metaspace       used 57075K, committed 58816K, reserved 487424K
  class space    used 7985K, committed 8896K, reserved 421888K
}
Event: 403.467 GC heap after
{Heap after GC invocations=18 (full 0):
 garbage-first heap   total 81920K, used 46653K [0x0000000080000000, 0x0000000100000000)
  region size 1024K, 3 young (3072K), 3 survivors (3072K)
 Metaspace       used 57075K, committed 58816K, reserved 487424K
  class space    used 7985K, committed 8896K, reserved 421888K
}
Event: 411.219 GC heap before
{Heap before GC invocations=18 (full 0):
 garbage-first heap   total 81920K, used 74301K [0x0000000080000000, 0x0000000100000000)
  region size 1024K, 30 young (30720K), 3 survivors (3072K)
 Metaspace       used 59065K, committed 60800K, reserved 487424K
  class space    used 8294K, committed 9152K, reserved 421888K
}
Event: 411.348 GC heap after
{Heap after GC invocations=19 (full 0):
 garbage-first heap   total 81920K, used 48681K [0x0000000080000000, 0x0000000100000000)
  region size 1024K, 4 young (4096K), 4 survivors (4096K)
 Metaspace       used 59065K, committed 60800K, reserved 487424K
  class space    used 8294K, committed 9152K, reserved 421888K
}
Event: 480.937 GC heap before
{Heap before GC invocations=20 (full 0):
 garbage-first heap   total 87040K, used 71209K [0x0000000080000000, 0x0000000100000000)
  region size 1024K, 26 young (26624K), 4 survivors (4096K)
 Metaspace       used 59282K, committed 61056K, reserved 487424K
  class space    used 8323K, committed 9216K, reserved 421888K
}
Event: 481.063 GC heap after
{Heap after GC invocations=21 (full 0):
 garbage-first heap   total 87040K, used 49341K [0x0000000080000000, 0x0000000100000000)
  region size 1024K, 3 young (3072K), 3 survivors (3072K)
 Metaspace       used 59282K, committed 61056K, reserved 487424K
  class space    used 8323K, committed 9216K, reserved 421888K
}
Event: 530.796 GC heap before
{Heap before GC invocations=21 (full 0):
 garbage-first heap   total 87040K, used 78013K [0x0000000080000000, 0x0000000100000000)
  region size 1024K, 31 young (31744K), 3 survivors (3072K)
 Metaspace       used 59413K, committed 61184K, reserved 487424K
  class space    used 8326K, committed 9216K, reserved 421888K
}
Event: 530.852 GC heap after
{Heap after GC invocations=22 (full 0):
 garbage-first heap   total 87040K, used 49980K [0x0000000080000000, 0x0000000100000000)
  region size 1024K, 2 young (2048K), 2 survivors (2048K)
 Metaspace       used 59413K, committed 61184K, reserved 487424K
  class space    used 8326K, committed 9216K, reserved 421888K
}
Event: 574.397 GC heap before
{Heap before GC invocations=22 (full 0):
 garbage-first heap   total 87040K, used 78652K [0x0000000080000000, 0x0000000100000000)
  region size 1024K, 30 young (30720K), 2 survivors (2048K)
 Metaspace       used 60039K, committed 61824K, reserved 487424K
  class space    used 8395K, committed 9280K, reserved 421888K
}
Event: 574.490 GC heap after
{Heap after GC invocations=23 (full 0):
 garbage-first heap   total 87040K, used 51137K [0x0000000080000000, 0x0000000100000000)
  region size 1024K, 3 young (3072K), 3 survivors (3072K)
 Metaspace       used 60039K, committed 61824K, reserved 487424K
  class space    used 8395K, committed 9280K, reserved 421888K
}
Event: 605.024 GC heap before
{Heap before GC invocations=24 (full 0):
 garbage-first heap   total 89088K, used 76737K [0x0000000080000000, 0x0000000100000000)
  region size 1024K, 29 young (29696K), 3 survivors (3072K)
 Metaspace       used 61489K, committed 63296K, reserved 487424K
  class space    used 8630K, committed 9536K, reserved 421888K
}
Event: 605.095 GC heap after
{Heap after GC invocations=25 (full 0):
 garbage-first heap   total 89088K, used 52488K [0x0000000080000000, 0x0000000100000000)
  region size 1024K, 3 young (3072K), 3 survivors (3072K)
 Metaspace       used 61489K, committed 63296K, reserved 487424K
  class space    used 8630K, committed 9536K, reserved 421888K
}
Event: 615.358 GC heap before
{Heap before GC invocations=25 (full 0):
 garbage-first heap   total 89088K, used 79112K [0x0000000080000000, 0x0000000100000000)
  region size 1024K, 30 young (30720K), 3 survivors (3072K)
 Metaspace       used 63898K, committed 65728K, reserved 487424K
  class space    used 8932K, committed 9856K, reserved 421888K
}
Event: 615.376 GC heap after
{Heap after GC invocations=26 (full 0):
 garbage-first heap   total 89088K, used 55215K [0x0000000080000000, 0x0000000100000000)
  region size 1024K, 4 young (4096K), 4 survivors (4096K)
 Metaspace       used 63898K, committed 65728K, reserved 487424K
  class space    used 8932K, committed 9856K, reserved 421888K
}
Event: 659.900 GC heap before
{Heap before GC invocations=26 (full 0):
 garbage-first heap   total 89088K, used 78767K [0x0000000080000000, 0x0000000100000000)
  region size 1024K, 28 young (28672K), 4 survivors (4096K)
 Metaspace       used 63932K, committed 65792K, reserved 487424K
  class space    used 8932K, committed 9856K, reserved 421888K
}
Event: 660.072 GC heap after
{Heap after GC invocations=27 (full 0):
 garbage-first heap   total 89088K, used 55651K [0x0000000080000000, 0x0000000100000000)
  region size 1024K, 1 young (1024K), 1 survivors (1024K)
 Metaspace       used 63932K, committed 65792K, reserved 487424K
  class space    used 8932K, committed 9856K, reserved 421888K
}
Event: 691.831 GC heap before
{Heap before GC invocations=28 (full 0):
 garbage-first heap   total 97280K, used 80227K [0x0000000080000000, 0x0000000100000000)
  region size 1024K, 26 young (26624K), 1 survivors (1024K)
 Metaspace       used 63971K, committed 65792K, reserved 487424K
  class space    used 8933K, committed 9856K, reserved 421888K
}
Event: 691.866 GC heap after
{Heap after GC invocations=29 (full 0):
 garbage-first heap   total 97280K, used 55525K [0x0000000080000000, 0x0000000100000000)
  region size 1024K, 1 young (1024K), 1 survivors (1024K)
 Metaspace       used 63971K, committed 65792K, reserved 487424K
  class space    used 8933K, committed 9856K, reserved 421888K
}
Event: 698.273 GC heap before
{Heap before GC invocations=29 (full 0):
 garbage-first heap   total 97280K, used 93413K [0x0000000080000000, 0x0000000100000000)
  region size 1024K, 34 young (34816K), 1 survivors (1024K)
 Metaspace       used 67006K, committed 68864K, reserved 487424K
  class space    used 9309K, committed 10176K, reserved 421888K
}
Event: 698.303 GC heap after
{Heap after GC invocations=30 (full 0):
 garbage-first heap   total 102400K, used 63897K [0x0000000080000000, 0x0000000100000000)
  region size 1024K, 5 young (5120K), 5 survivors (5120K)
 Metaspace       used 67006K, committed 68864K, reserved 487424K
  class space    used 9309K, committed 10176K, reserved 421888K
}

