# JRE version: Java(TM) SE Runtime Environment (20.0.1+9) (build 20.0.1+9-29)
# Java VM: Java HotSpot(TM) 64-Bit Server VM (20.0.1+9-29, mixed mode, sharing, tiered, compressed oops, compressed class ptrs, g1 gc, windows-amd64)
GC Precious Log:
 CardTable entry size: 512
 Card Set container configuration: InlinePtr #cards 5 size 8 Array Of Cards #cards 12 size 40 Howl #buckets 4 coarsen threshold 1843 Howl Bitmap #cards 512 size 80 coarsen threshold 460 Card regions per heap region 1 cards per card region 2048
 CPUs: 8 total, 8 available
 Memory: 7953M
 Large Page Support: Disabled
 NUMA Support: Disabled
 Compressed Oops: Enabled (32-bit)
 Heap Region Size: 1M
 Heap Min Capacity: 8M
 Heap Initial Capacity: 126M
 Heap Max Capacity: 2G
 Pre-touch: Disabled
 Parallel Workers: 8
 Concurrent Workers: 2
 Concurrent Refinement Workers: 8
 Periodic GC: Disabled
Heap:
 garbage-first heap   total 95232K, used 71517K [0x0000000080000000, 0x0000000100000000)
  region size 1024K, 29 young (29696K), 4 survivors (4096K)
 Metaspace       used 58858K, committed 60608K, reserved 487424K
  class space    used 8251K, committed 9088K, reserved 421888K
GC Heap History (20 events):
Event: 34.271 GC heap before
{Heap before GC invocations=2 (full 0):
 garbage-first heap   total 129024K, used 85148K [0x0000000080000000, 0x0000000100000000)
  region size 1024K, 75 young (76800K), 4 survivors (4096K)
 Metaspace       used 18180K, committed 18816K, reserved 487424K
  class space    used 2628K, committed 2944K, reserved 421888K
}
Event: 34.307 GC heap after
{Heap after GC invocations=3 (full 0):
 garbage-first heap   total 129024K, used 20326K [0x0000000080000000, 0x0000000100000000)
  region size 1024K, 10 young (10240K), 10 survivors (10240K)
 Metaspace       used 18180K, committed 18816K, reserved 487424K
  class space    used 2628K, committed 2944K, reserved 421888K
}
Event: 44.253 GC heap before
{Heap before GC invocations=3 (full 0):
 garbage-first heap   total 129024K, used 37734K [0x0000000080000000, 0x0000000100000000)
  region size 1024K, 28 young (28672K), 10 survivors (10240K)
 Metaspace       used 20791K, committed 21504K, reserved 487424K
  class space    used 3054K, committed 3392K, reserved 421888K
}
Event: 44.264 GC heap after
{Heap after GC invocations=4 (full 0):
 garbage-first heap   total 129024K, used 22225K [0x0000000080000000, 0x0000000100000000)
  region size 1024K, 2 young (2048K), 2 survivors (2048K)
 Metaspace       used 20791K, committed 21504K, reserved 487424K
  class space    used 3054K, committed 3392K, reserved 421888K
}
Event: 62.572 GC heap before
{Heap before GC invocations=5 (full 0):
 garbage-first heap   total 92160K, used 75473K [0x0000000080000000, 0x0000000100000000)
  region size 1024K, 54 young (55296K), 2 survivors (2048K)
 Metaspace       used 30475K, committed 31552K, reserved 487424K
  class space    used 4317K, committed 4864K, reserved 421888K
}
Event: 62.592 GC heap after
{Heap after GC invocations=6 (full 0):
 garbage-first heap   total 92160K, used 27387K [0x0000000080000000, 0x0000000100000000)
  region size 1024K, 7 young (7168K), 7 survivors (7168K)
 Metaspace       used 30475K, committed 31552K, reserved 487424K
  class space    used 4317K, committed 4864K, reserved 421888K
}
Event: 96.799 GC heap before
{Heap before GC invocations=6 (full 0):
 garbage-first heap   total 92160K, used 76539K [0x0000000080000000, 0x0000000100000000)
  region size 1024K, 53 young (54272K), 7 survivors (7168K)
 Metaspace       used 33824K, committed 34944K, reserved 487424K
  class space    used 4686K, committed 5248K, reserved 421888K
}
Event: 96.875 GC heap after
{Heap after GC invocations=7 (full 0):
 garbage-first heap   total 92160K, used 30111K [0x0000000080000000, 0x0000000100000000)
  region size 1024K, 4 young (4096K), 4 survivors (4096K)
 Metaspace       used 33824K, committed 34944K, reserved 487424K
  class space    used 4686K, committed 5248K, reserved 421888K
}
Event: 120.683 GC heap before
{Heap before GC invocations=7 (full 0):
 garbage-first heap   total 92160K, used 44447K [0x0000000080000000, 0x0000000100000000)
  region size 1024K, 19 young (19456K), 4 survivors (4096K)
 Metaspace       used 35186K, committed 36416K, reserved 487424K
  class space    used 4890K, committed 5504K, reserved 421888K
}
Event: 120.698 GC heap after
{Heap after GC invocations=8 (full 0):
 garbage-first heap   total 92160K, used 31510K [0x0000000080000000, 0x0000000100000000)
  region size 1024K, 6 young (6144K), 6 survivors (6144K)
 Metaspace       used 35186K, committed 36416K, reserved 487424K
  class space    used 4890K, committed 5504K, reserved 421888K
}
Event: 245.266 GC heap before
{Heap before GC invocations=9 (full 0):
 garbage-first heap   total 92160K, used 77590K [0x0000000080000000, 0x0000000100000000)
  region size 1024K, 51 young (52224K), 6 survivors (6144K)
 Metaspace       used 38462K, committed 39872K, reserved 487424K
  class space    used 5339K, committed 6016K, reserved 421888K
}
Event: 245.365 GC heap after
{Heap after GC invocations=10 (full 0):
 garbage-first heap   total 92160K, used 33105K [0x0000000080000000, 0x0000000100000000)
  region size 1024K, 4 young (4096K), 4 survivors (4096K)
 Metaspace       used 38462K, committed 39872K, reserved 487424K
  class space    used 5339K, committed 6016K, reserved 421888K
}
Event: 380.813 GC heap before
{Heap before GC invocations=10 (full 0):
 garbage-first heap   total 92160K, used 79185K [0x0000000080000000, 0x0000000100000000)
  region size 1024K, 49 young (50176K), 4 survivors (4096K)
 Metaspace       used 43030K, committed 44544K, reserved 487424K
  class space    used 6030K, committed 6720K, reserved 421888K
}
Event: 380.913 GC heap after
{Heap after GC invocations=11 (full 0):
 garbage-first heap   total 92160K, used 34731K [0x0000000080000000, 0x0000000100000000)
  region size 1024K, 5 young (5120K), 5 survivors (5120K)
 Metaspace       used 43030K, committed 44544K, reserved 487424K
  class space    used 6030K, committed 6720K, reserved 421888K
}
Event: 427.346 GC heap before
{Heap before GC invocations=11 (full 0):
 garbage-first heap   total 92160K, used 85931K [0x0000000080000000, 0x0000000100000000)
  region size 1024K, 51 young (52224K), 5 survivors (5120K)
 Metaspace       used 48391K, committed 50048K, reserved 487424K
  class space    used 6781K, committed 7552K, reserved 421888K
}
Event: 427.418 GC heap after
{Heap after GC invocations=12 (full 0):
 garbage-first heap   total 95232K, used 42658K [0x0000000080000000, 0x0000000100000000)
  region size 1024K, 7 young (7168K), 7 survivors (7168K)
 Metaspace       used 48391K, committed 50048K, reserved 487424K
  class space    used 6781K, committed 7552K, reserved 421888K
}
Event: 437.819 GC heap before
{Heap before GC invocations=12 (full 0):
 garbage-first heap   total 95232K, used 81570K [0x0000000080000000, 0x0000000100000000)
  region size 1024K, 45 young (46080K), 7 survivors (7168K)
 Metaspace       used 53240K, committed 54976K, reserved 487424K
  class space    used 7498K, committed 8320K, reserved 421888K
}
Event: 437.872 GC heap after
{Heap after GC invocations=13 (full 0):
 garbage-first heap   total 95232K, used 45592K [0x0000000080000000, 0x0000000100000000)
  region size 1024K, 3 young (3072K), 3 survivors (3072K)
 Metaspace       used 53240K, committed 54976K, reserved 487424K
  class space    used 7498K, committed 8320K, reserved 421888K
}
Event: 469.012 GC heap before
{Heap before GC invocations=13 (full 0):
 garbage-first heap   total 95232K, used 84504K [0x0000000080000000, 0x0000000100000000)
  region size 1024K, 41 young (41984K), 3 survivors (3072K)
 Metaspace       used 57144K, committed 58880K, reserved 487424K
  class space    used 7977K, committed 8832K, reserved 421888K
}
Event: 469.133 GC heap after
{Heap after GC invocations=14 (full 0):
 garbage-first heap   total 95232K, used 46941K [0x0000000080000000, 0x0000000100000000)
  region size 1024K, 4 young (4096K), 4 survivors (4096K)
 Metaspace       used 57144K, committed 58880K, reserved 487424K
  class space    used 7977K, committed 8832K, reserved 421888K
}

