# JRE version: Java(TM) SE Runtime Environment (20.0.1+9) (build 20.0.1+9-29)
# Java VM: Java HotSpot(TM) 64-Bit Server VM (20.0.1+9-29, mixed mode, sharing, tiered, compressed oops, compressed class ptrs, g1 gc, windows-amd64)
GC Precious Log:
 CardTable entry size: 512
 Card Set container configuration: InlinePtr #cards 5 size 8 Array Of Cards #cards 12 size 40 Howl #buckets 4 coarsen threshold 1843 Howl Bitmap #cards 512 size 80 coarsen threshold 460 Card regions per heap region 1 cards per card region 2048
 CPUs: 8 total, 8 available
 Memory: 7953M
 Large Page Support: Disabled
 NUMA Support: Disabled
 Compressed Oops: Enabled (32-bit)
 Heap Region Size: 1M
 Heap Min Capacity: 8M
 Heap Initial Capacity: 126M
 Heap Max Capacity: 2G
 Pre-touch: Disabled
 Parallel Workers: 8
 Concurrent Workers: 2
 Concurrent Refinement Workers: 8
 Periodic GC: Disabled
Heap:
 garbage-first heap   total 270336K, used 126453K [0x0000000080000000, 0x0000000100000000)
  region size 1024K, 23 young (23552K), 2 survivors (2048K)
 Metaspace       used 92003K, committed 94016K, reserved 552960K
  class space    used 12700K, committed 13696K, reserved 421888K
GC Heap History (20 events):
Event: 428.817 GC heap before
{Heap before GC invocations=24 (full 0):
 garbage-first heap   total 178176K, used 84898K [0x0000000080000000, 0x0000000100000000)
  region size 1024K, 11 young (11264K), 1 survivors (1024K)
 Metaspace       used 72737K, committed 74624K, reserved 487424K
  class space    used 9975K, committed 10880K, reserved 421888K
}
Event: 428.833 GC heap after
{Heap after GC invocations=25 (full 0):
 garbage-first heap   total 356352K, used 74993K [0x0000000080000000, 0x0000000100000000)
  region size 1024K, 2 young (2048K), 2 survivors (2048K)
 Metaspace       used 72737K, committed 74624K, reserved 487424K
  class space    used 9975K, committed 10880K, reserved 421888K
}
Event: 431.904 GC heap before
{Heap before GC invocations=25 (full 0):
 garbage-first heap   total 356352K, used 100593K [0x0000000080000000, 0x0000000100000000)
  region size 1024K, 28 young (28672K), 2 survivors (2048K)
 Metaspace       used 75024K, committed 76928K, reserved 552960K
  class space    used 10230K, committed 11200K, reserved 421888K
}
Event: 431.930 GC heap after
{Heap after GC invocations=26 (full 0):
 garbage-first heap   total 356352K, used 76933K [0x0000000080000000, 0x0000000100000000)
  region size 1024K, 3 young (3072K), 3 survivors (3072K)
 Metaspace       used 75024K, committed 76928K, reserved 552960K
  class space    used 10230K, committed 11200K, reserved 421888K
}
Event: 476.401 GC heap before
{Heap before GC invocations=27 (full 0):
 garbage-first heap   total 270336K, used 136325K [0x0000000080000000, 0x0000000100000000)
  region size 1024K, 63 young (64512K), 3 survivors (3072K)
 Metaspace       used 76992K, committed 78912K, reserved 552960K
  class space    used 10520K, committed 11456K, reserved 421888K
}
Event: 476.563 GC heap after
{Heap after GC invocations=28 (full 0):
 garbage-first heap   total 270336K, used 78049K [0x0000000080000000, 0x0000000100000000)
  region size 1024K, 8 young (8192K), 8 survivors (8192K)
 Metaspace       used 76992K, committed 78912K, reserved 552960K
  class space    used 10520K, committed 11456K, reserved 421888K
}
Event: 478.508 GC heap before
{Heap before GC invocations=28 (full 0):
 garbage-first heap   total 270336K, used 83169K [0x0000000080000000, 0x0000000100000000)
  region size 1024K, 13 young (13312K), 8 survivors (8192K)
 Metaspace       used 77604K, committed 79552K, reserved 552960K
  class space    used 10613K, committed 11584K, reserved 421888K
}
Event: 478.542 GC heap after
{Heap after GC invocations=29 (full 0):
 garbage-first heap   total 270336K, used 79204K [0x0000000080000000, 0x0000000100000000)
  region size 1024K, 2 young (2048K), 2 survivors (2048K)
 Metaspace       used 77604K, committed 79552K, reserved 552960K
  class space    used 10613K, committed 11584K, reserved 421888K
}
Event: 482.737 GC heap before
{Heap before GC invocations=29 (full 0):
 garbage-first heap   total 270336K, used 124260K [0x0000000080000000, 0x0000000100000000)
  region size 1024K, 46 young (47104K), 2 survivors (2048K)
 Metaspace       used 82238K, committed 84224K, reserved 552960K
  class space    used 11418K, committed 12416K, reserved 421888K
}
Event: 482.745 GC heap after
{Heap after GC invocations=30 (full 0):
 garbage-first heap   total 270336K, used 81782K [0x0000000080000000, 0x0000000100000000)
  region size 1024K, 4 young (4096K), 4 survivors (4096K)
 Metaspace       used 82238K, committed 84224K, reserved 552960K
  class space    used 11418K, committed 12416K, reserved 421888K
}
Event: 570.062 GC heap before
{Heap before GC invocations=30 (full 0):
 garbage-first heap   total 270336K, used 155510K [0x0000000080000000, 0x0000000100000000)
  region size 1024K, 78 young (79872K), 4 survivors (4096K)
 Metaspace       used 83080K, committed 85120K, reserved 552960K
  class space    used 11514K, committed 12544K, reserved 421888K
}
Event: 570.146 GC heap after
{Heap after GC invocations=31 (full 0):
 garbage-first heap   total 270336K, used 86163K [0x0000000080000000, 0x0000000100000000)
  region size 1024K, 8 young (8192K), 8 survivors (8192K)
 Metaspace       used 83080K, committed 85120K, reserved 552960K
  class space    used 11514K, committed 12544K, reserved 421888K
}
Event: 572.649 GC heap before
{Heap before GC invocations=32 (full 0):
 garbage-first heap   total 270336K, used 135315K [0x0000000080000000, 0x0000000100000000)
  region size 1024K, 54 young (55296K), 8 survivors (8192K)
 Metaspace       used 85425K, committed 87552K, reserved 552960K
  class space    used 11867K, committed 12928K, reserved 421888K
}
Event: 572.674 GC heap after
{Heap after GC invocations=33 (full 0):
 garbage-first heap   total 270336K, used 98155K [0x0000000080000000, 0x0000000100000000)
  region size 1024K, 7 young (7168K), 7 survivors (7168K)
 Metaspace       used 85425K, committed 87552K, reserved 552960K
  class space    used 11867K, committed 12928K, reserved 421888K
}
Event: 573.090 GC heap before
{Heap before GC invocations=33 (full 0):
 garbage-first heap   total 270336K, used 109419K [0x0000000080000000, 0x0000000100000000)
  region size 1024K, 18 young (18432K), 7 survivors (7168K)
 Metaspace       used 86809K, committed 88960K, reserved 552960K
  class space    used 12064K, committed 13120K, reserved 421888K
}
Event: 573.097 GC heap after
{Heap after GC invocations=34 (full 0):
 garbage-first heap   total 270336K, used 99285K [0x0000000080000000, 0x0000000100000000)
  region size 1024K, 1 young (1024K), 1 survivors (1024K)
 Metaspace       used 86809K, committed 88960K, reserved 552960K
  class space    used 12064K, committed 13120K, reserved 421888K
}
Event: 587.177 GC heap before
{Heap before GC invocations=34 (full 0):
 garbage-first heap   total 270336K, used 152533K [0x0000000080000000, 0x0000000100000000)
  region size 1024K, 54 young (55296K), 1 survivors (1024K)
 Metaspace       used 91324K, committed 93376K, reserved 552960K
  class space    used 12655K, committed 13632K, reserved 421888K
}
Event: 587.270 GC heap after
{Heap after GC invocations=35 (full 0):
 garbage-first heap   total 270336K, used 104105K [0x0000000080000000, 0x0000000100000000)
  region size 1024K, 6 young (6144K), 6 survivors (6144K)
 Metaspace       used 91324K, committed 93376K, reserved 552960K
  class space    used 12655K, committed 13632K, reserved 421888K
}
Event: 693.635 GC heap before
{Heap before GC invocations=35 (full 0):
 garbage-first heap   total 270336K, used 164521K [0x0000000080000000, 0x0000000100000000)
  region size 1024K, 65 young (66560K), 6 survivors (6144K)
 Metaspace       used 91666K, committed 93760K, reserved 552960K
  class space    used 12675K, committed 13696K, reserved 421888K
}
Event: 693.846 GC heap after
{Heap after GC invocations=36 (full 0):
 garbage-first heap   total 270336K, used 105973K [0x0000000080000000, 0x0000000100000000)
  region size 1024K, 2 young (2048K), 2 survivors (2048K)
 Metaspace       used 91666K, committed 93760K, reserved 552960K
  class space    used 12675K, committed 13696K, reserved 421888K
}

