# JRE version: Java(TM) SE Runtime Environment (20.0.1+9) (build 20.0.1+9-29)
# Java VM: Java HotSpot(TM) 64-Bit Server VM (20.0.1+9-29, mixed mode, sharing, tiered, compressed oops, compressed class ptrs, g1 gc, windows-amd64)
GC Precious Log:
 CardTable entry size: 512
 Card Set container configuration: InlinePtr #cards 5 size 8 Array Of Cards #cards 12 size 40 Howl #buckets 4 coarsen threshold 1843 Howl Bitmap #cards 512 size 80 coarsen threshold 460 Card regions per heap region 1 cards per card region 2048
 CPUs: 8 total, 8 available
 Memory: 7953M
 Large Page Support: Disabled
 NUMA Support: Disabled
 Compressed Oops: Enabled (32-bit)
 Heap Region Size: 1M
 Heap Min Capacity: 8M
 Heap Initial Capacity: 126M
 Heap Max Capacity: 2G
 Pre-touch: Disabled
 Parallel Workers: 8
 Concurrent Workers: 2
 Concurrent Refinement Workers: 8
 Periodic GC: Disabled
Heap:
 garbage-first heap   total 94208K, used 59496K [0x0000000080000000, 0x0000000100000000)
  region size 1024K, 9 young (9216K), 3 survivors (3072K)
 Metaspace       used 64001K, committed 65856K, reserved 487424K
  class space    used 8944K, committed 9856K, reserved 421888K
GC Heap History (20 events):
Event: 209.018 GC heap before
{Heap before GC invocations=14 (full 0):
 garbage-first heap   total 83968K, used 75078K [0x0000000080000000, 0x0000000100000000)
  region size 1024K, 32 young (32768K), 2 survivors (2048K)
 Metaspace       used 53649K, committed 55424K, reserved 487424K
  class space    used 7576K, committed 8448K, reserved 421888K
}
Event: 209.023 GC heap after
{Heap after GC invocations=15 (full 0):
 garbage-first heap   total 83968K, used 45901K [0x0000000080000000, 0x0000000100000000)
  region size 1024K, 4 young (4096K), 4 survivors (4096K)
 Metaspace       used 53649K, committed 55424K, reserved 487424K
  class space    used 7576K, committed 8448K, reserved 421888K
}
Event: 250.658 GC heap before
{Heap before GC invocations=15 (full 0):
 garbage-first heap   total 83968K, used 72525K [0x0000000080000000, 0x0000000100000000)
  region size 1024K, 31 young (31744K), 4 survivors (4096K)
 Metaspace       used 55909K, committed 57664K, reserved 487424K
  class space    used 7836K, committed 8704K, reserved 421888K
}
Event: 250.736 GC heap after
{Heap after GC invocations=16 (full 0):
 garbage-first heap   total 83968K, used 46104K [0x0000000080000000, 0x0000000100000000)
  region size 1024K, 3 young (3072K), 3 survivors (3072K)
 Metaspace       used 55909K, committed 57664K, reserved 487424K
  class space    used 7836K, committed 8704K, reserved 421888K
}
Event: 264.870 GC heap before
{Heap before GC invocations=16 (full 0):
 garbage-first heap   total 83968K, used 74776K [0x0000000080000000, 0x0000000100000000)
  region size 1024K, 31 young (31744K), 3 survivors (3072K)
 Metaspace       used 58355K, committed 60096K, reserved 487424K
  class space    used 8186K, committed 9024K, reserved 421888K
}
Event: 264.957 GC heap after
{Heap after GC invocations=17 (full 0):
 garbage-first heap   total 83968K, used 48348K [0x0000000080000000, 0x0000000100000000)
  region size 1024K, 4 young (4096K), 4 survivors (4096K)
 Metaspace       used 58355K, committed 60096K, reserved 487424K
  class space    used 8186K, committed 9024K, reserved 421888K
}
Event: 316.978 GC heap before
{Heap before GC invocations=18 (full 0):
 garbage-first heap   total 86016K, used 72924K [0x0000000080000000, 0x0000000100000000)
  region size 1024K, 28 young (28672K), 4 survivors (4096K)
 Metaspace       used 59264K, committed 60992K, reserved 487424K
  class space    used 8330K, committed 9152K, reserved 421888K
}
Event: 317.062 GC heap after
{Heap after GC invocations=19 (full 0):
 garbage-first heap   total 86016K, used 49321K [0x0000000080000000, 0x0000000100000000)
  region size 1024K, 1 young (1024K), 1 survivors (1024K)
 Metaspace       used 59264K, committed 60992K, reserved 487424K
  class space    used 8330K, committed 9152K, reserved 421888K
}
Event: 370.701 GC heap before
{Heap before GC invocations=19 (full 0):
 garbage-first heap   total 86016K, used 79017K [0x0000000080000000, 0x0000000100000000)
  region size 1024K, 30 young (30720K), 1 survivors (1024K)
 Metaspace       used 59407K, committed 61248K, reserved 487424K
  class space    used 8333K, committed 9216K, reserved 421888K
}
Event: 370.766 GC heap after
{Heap after GC invocations=20 (full 0):
 garbage-first heap   total 86016K, used 49940K [0x0000000080000000, 0x0000000100000000)
  region size 1024K, 2 young (2048K), 2 survivors (2048K)
 Metaspace       used 59407K, committed 61248K, reserved 487424K
  class space    used 8333K, committed 9216K, reserved 421888K
}
Event: 423.936 GC heap before
{Heap before GC invocations=20 (full 0):
 garbage-first heap   total 86016K, used 77588K [0x0000000080000000, 0x0000000100000000)
  region size 1024K, 29 young (29696K), 2 survivors (2048K)
 Metaspace       used 59491K, committed 61312K, reserved 487424K
  class space    used 8334K, committed 9216K, reserved 421888K
}
Event: 424.263 GC heap after
{Heap after GC invocations=21 (full 0):
 garbage-first heap   total 86016K, used 50612K [0x0000000080000000, 0x0000000100000000)
  region size 1024K, 3 young (3072K), 3 survivors (3072K)
 Metaspace       used 59491K, committed 61312K, reserved 487424K
  class space    used 8334K, committed 9216K, reserved 421888K
}
Event: 464.475 GC heap before
{Heap before GC invocations=22 (full 0):
 garbage-first heap   total 89088K, used 76212K [0x0000000080000000, 0x0000000100000000)
  region size 1024K, 28 young (28672K), 3 survivors (3072K)
 Metaspace       used 60124K, committed 61888K, reserved 487424K
  class space    used 8403K, committed 9280K, reserved 421888K
}
Event: 464.557 GC heap after
{Heap after GC invocations=23 (full 0):
 garbage-first heap   total 89088K, used 51780K [0x0000000080000000, 0x0000000100000000)
  region size 1024K, 3 young (3072K), 3 survivors (3072K)
 Metaspace       used 60124K, committed 61888K, reserved 487424K
  class space    used 8403K, committed 9280K, reserved 421888K
}
Event: 481.215 GC heap before
{Heap before GC invocations=23 (full 0):
 garbage-first heap   total 89088K, used 79428K [0x0000000080000000, 0x0000000100000000)
  region size 1024K, 31 young (31744K), 3 survivors (3072K)
 Metaspace       used 62430K, committed 64256K, reserved 487424K
  class space    used 8753K, committed 9600K, reserved 421888K
}
Event: 481.251 GC heap after
{Heap after GC invocations=24 (full 0):
 garbage-first heap   total 89088K, used 53392K [0x0000000080000000, 0x0000000100000000)
  region size 1024K, 4 young (4096K), 4 survivors (4096K)
 Metaspace       used 62430K, committed 64256K, reserved 487424K
  class space    used 8753K, committed 9600K, reserved 421888K
}
Event: 506.472 GC heap before
{Heap before GC invocations=24 (full 0):
 garbage-first heap   total 89088K, used 77968K [0x0000000080000000, 0x0000000100000000)
  region size 1024K, 29 young (29696K), 4 survivors (4096K)
 Metaspace       used 63966K, committed 65728K, reserved 487424K
  class space    used 8944K, committed 9792K, reserved 421888K
}
Event: 506.711 GC heap after
{Heap after GC invocations=25 (full 0):
 garbage-first heap   total 89088K, used 55296K [0x0000000080000000, 0x0000000100000000)
  region size 1024K, 4 young (4096K), 4 survivors (4096K)
 Metaspace       used 63966K, committed 65728K, reserved 487424K
  class space    used 8944K, committed 9792K, reserved 421888K
}
Event: 541.606 GC heap before
{Heap before GC invocations=26 (full 0):
 garbage-first heap   total 94208K, used 77824K [0x0000000080000000, 0x0000000100000000)
  region size 1024K, 27 young (27648K), 4 survivors (4096K)
 Metaspace       used 63983K, committed 65856K, reserved 487424K
  class space    used 8944K, committed 9856K, reserved 421888K
}
Event: 541.698 GC heap after
{Heap after GC invocations=27 (full 0):
 garbage-first heap   total 94208K, used 55400K [0x0000000080000000, 0x0000000100000000)
  region size 1024K, 3 young (3072K), 3 survivors (3072K)
 Metaspace       used 63983K, committed 65856K, reserved 487424K
  class space    used 8944K, committed 9856K, reserved 421888K
}

