# JRE version: Java(TM) SE Runtime Environment (20.0.1+9) (build 20.0.1+9-29)
# Java VM: Java HotSpot(TM) 64-Bit Server VM (20.0.1+9-29, mixed mode, sharing, tiered, compressed oops, compressed class ptrs, g1 gc, windows-amd64)
GC Precious Log:
 CardTable entry size: 512
 Card Set container configuration: InlinePtr #cards 5 size 8 Array Of Cards #cards 12 size 40 Howl #buckets 4 coarsen threshold 1843 Howl Bitmap #cards 512 size 80 coarsen threshold 460 Card regions per heap region 1 cards per card region 2048
 CPUs: 8 total, 8 available
 Memory: 7953M
 Large Page Support: Disabled
 NUMA Support: Disabled
 Compressed Oops: Enabled (32-bit)
 Heap Region Size: 1M
 Heap Min Capacity: 8M
 Heap Initial Capacity: 126M
 Heap Max Capacity: 2G
 Pre-touch: Disabled
 Parallel Workers: 8
 Concurrent Workers: 2
 Concurrent Refinement Workers: 8
 Periodic GC: Disabled
Heap:
 garbage-first heap   total 96256K, used 67818K [0x0000000080000000, 0x0000000100000000)
  region size 1024K, 7 young (7168K), 4 survivors (4096K)
 Metaspace       used 67028K, committed 68864K, reserved 487424K
  class space    used 9310K, committed 10176K, reserved 421888K
GC Heap History (20 events):
Event: 393.509 GC heap before
{Heap before GC invocations=17 (full 0):
 garbage-first heap   total 79872K, used 71795K [0x0000000080000000, 0x0000000100000000)
  region size 1024K, 27 young (27648K), 2 survivors (2048K)
 Metaspace       used 58075K, committed 59840K, reserved 487424K
  class space    used 8136K, committed 8960K, reserved 421888K
}
Event: 393.644 GC heap after
{Heap after GC invocations=18 (full 0):
 garbage-first heap   total 79872K, used 48413K [0x0000000080000000, 0x0000000100000000)
  region size 1024K, 4 young (4096K), 4 survivors (4096K)
 Metaspace       used 58075K, committed 59840K, reserved 487424K
  class space    used 8136K, committed 8960K, reserved 421888K
}
Event: 421.434 GC heap before
{Heap before GC invocations=19 (full 0):
 garbage-first heap   total 83968K, used 69917K [0x0000000080000000, 0x0000000100000000)
  region size 1024K, 25 young (25600K), 4 survivors (4096K)
 Metaspace       used 59246K, committed 60992K, reserved 487424K
  class space    used 8322K, committed 9152K, reserved 421888K
}
Event: 421.567 GC heap after
{Heap after GC invocations=20 (full 0):
 garbage-first heap   total 83968K, used 49182K [0x0000000080000000, 0x0000000100000000)
  region size 1024K, 2 young (2048K), 2 survivors (2048K)
 Metaspace       used 59246K, committed 60992K, reserved 487424K
  class space    used 8322K, committed 9152K, reserved 421888K
}
Event: 492.713 GC heap before
{Heap before GC invocations=20 (full 0):
 garbage-first heap   total 83968K, used 75806K [0x0000000080000000, 0x0000000100000000)
  region size 1024K, 28 young (28672K), 2 survivors (2048K)
 Metaspace       used 59386K, committed 61248K, reserved 487424K
  class space    used 8325K, committed 9216K, reserved 421888K
}
Event: 492.801 GC heap after
{Heap after GC invocations=21 (full 0):
 garbage-first heap   total 83968K, used 49597K [0x0000000080000000, 0x0000000100000000)
  region size 1024K, 2 young (2048K), 2 survivors (2048K)
 Metaspace       used 59386K, committed 61248K, reserved 487424K
  class space    used 8325K, committed 9216K, reserved 421888K
}
Event: 534.544 GC heap before
{Heap before GC invocations=21 (full 0):
 garbage-first heap   total 83968K, used 75197K [0x0000000080000000, 0x0000000100000000)
  region size 1024K, 28 young (28672K), 2 survivors (2048K)
 Metaspace       used 59505K, committed 61312K, reserved 487424K
  class space    used 8327K, committed 9216K, reserved 421888K
}
Event: 534.635 GC heap after
{Heap after GC invocations=22 (full 0):
 garbage-first heap   total 83968K, used 50447K [0x0000000080000000, 0x0000000100000000)
  region size 1024K, 3 young (3072K), 3 survivors (3072K)
 Metaspace       used 59505K, committed 61312K, reserved 487424K
  class space    used 8327K, committed 9216K, reserved 421888K
}
Event: 579.685 GC heap before
{Heap before GC invocations=23 (full 0):
 garbage-first heap   total 87040K, used 73999K [0x0000000080000000, 0x0000000100000000)
  region size 1024K, 27 young (27648K), 3 survivors (3072K)
 Metaspace       used 60057K, committed 61888K, reserved 487424K
  class space    used 8395K, committed 9280K, reserved 421888K
}
Event: 579.781 GC heap after
{Heap after GC invocations=24 (full 0):
 garbage-first heap   total 87040K, used 51438K [0x0000000080000000, 0x0000000100000000)
  region size 1024K, 3 young (3072K), 3 survivors (3072K)
 Metaspace       used 60057K, committed 61888K, reserved 487424K
  class space    used 8395K, committed 9280K, reserved 421888K
}
Event: 601.341 GC heap before
{Heap before GC invocations=24 (full 0):
 garbage-first heap   total 87040K, used 77038K [0x0000000080000000, 0x0000000100000000)
  region size 1024K, 29 young (29696K), 3 survivors (3072K)
 Metaspace       used 61990K, committed 63744K, reserved 487424K
  class space    used 8688K, committed 9536K, reserved 421888K
}
Event: 601.472 GC heap after
{Heap after GC invocations=25 (full 0):
 garbage-first heap   total 87040K, used 53157K [0x0000000080000000, 0x0000000100000000)
  region size 1024K, 4 young (4096K), 4 survivors (4096K)
 Metaspace       used 61990K, committed 63744K, reserved 487424K
  class space    used 8688K, committed 9536K, reserved 421888K
}
Event: 607.638 GC heap before
{Heap before GC invocations=25 (full 0):
 garbage-first heap   total 87040K, used 75685K [0x0000000080000000, 0x0000000100000000)
  region size 1024K, 27 young (27648K), 4 survivors (4096K)
 Metaspace       used 63932K, committed 65728K, reserved 487424K
  class space    used 8933K, committed 9792K, reserved 421888K
}
Event: 607.661 GC heap after
{Heap after GC invocations=26 (full 0):
 garbage-first heap   total 87040K, used 55465K [0x0000000080000000, 0x0000000100000000)
  region size 1024K, 4 young (4096K), 4 survivors (4096K)
 Metaspace       used 63932K, committed 65728K, reserved 487424K
  class space    used 8933K, committed 9792K, reserved 421888K
}
Event: 642.086 GC heap before
{Heap before GC invocations=27 (full 0):
 garbage-first heap   total 96256K, used 74921K [0x0000000080000000, 0x0000000100000000)
  region size 1024K, 24 young (24576K), 4 survivors (4096K)
 Metaspace       used 63944K, committed 65728K, reserved 487424K
  class space    used 8933K, committed 9792K, reserved 421888K
}
Event: 642.213 GC heap after
{Heap after GC invocations=28 (full 0):
 garbage-first heap   total 96256K, used 55825K [0x0000000080000000, 0x0000000100000000)
  region size 1024K, 1 young (1024K), 1 survivors (1024K)
 Metaspace       used 63944K, committed 65728K, reserved 487424K
  class space    used 8933K, committed 9792K, reserved 421888K
}
Event: 680.096 GC heap before
{Heap before GC invocations=28 (full 0):
 garbage-first heap   total 96256K, used 89617K [0x0000000080000000, 0x0000000100000000)
  region size 1024K, 33 young (33792K), 1 survivors (1024K)
 Metaspace       used 64104K, committed 65984K, reserved 487424K
  class space    used 8943K, committed 9856K, reserved 421888K
}
Event: 680.180 GC heap after
{Heap after GC invocations=29 (full 0):
 garbage-first heap   total 96256K, used 58870K [0x0000000080000000, 0x0000000100000000)
  region size 1024K, 2 young (2048K), 2 survivors (2048K)
 Metaspace       used 64104K, committed 65984K, reserved 487424K
  class space    used 8943K, committed 9856K, reserved 421888K
}
Event: 683.548 GC heap before
{Heap before GC invocations=29 (full 0):
 garbage-first heap   total 96256K, used 80374K [0x0000000080000000, 0x0000000100000000)
  region size 1024K, 25 young (25600K), 2 survivors (2048K)
 Metaspace       used 66822K, committed 68672K, reserved 487424K
  class space    used 9282K, committed 10176K, reserved 421888K
}
Event: 683.580 GC heap after
{Heap after GC invocations=30 (full 0):
 garbage-first heap   total 96256K, used 62698K [0x0000000080000000, 0x0000000100000000)
  region size 1024K, 4 young (4096K), 4 survivors (4096K)
 Metaspace       used 66822K, committed 68672K, reserved 487424K
  class space    used 9282K, committed 10176K, reserved 421888K
}

